[2024-11-13 23:36:50,562] INFO - CoreFramework - Initializing CoreFramework...
[2024-11-13 23:36:55,582] INFO - CoreFramework - Initializing CoreFramework...
[2024-11-13 23:37:32,783] INFO - CoreFramework - Initializing CoreFramework...
[2024-11-13 23:37:32,847] WARNING - CoreFramework - Vulnerability file not found at /mnt/c/Users/13096/wireless_pen_test_lib/vulnerabilities/vulnerabilities.json. Initializing empty vulnerability database.
[2024-11-13 23:37:32,848] INFO - CoreFramework - Loading protocol modules from /mnt/c/Users/13096/wireless_pen_test_lib/config/protocols...
[2024-11-13 23:37:32,850] ERROR - CoreFramework - Protocols directory not found at /mnt/c/Users/13096/wireless_pen_test_lib/config/protocols.
[2024-11-13 23:37:41,954] INFO - CoreFramework - Initializing CoreFramework...
[2024-11-13 23:37:41,984] WARNING - CoreFramework - Vulnerability file not found at /mnt/c/Users/13096/wireless_pen_test_lib/vulnerabilities/vulnerabilities.json. Initializing empty vulnerability database.
[2024-11-13 23:37:41,986] INFO - CoreFramework - Loading protocol modules from /mnt/c/Users/13096/wireless_pen_test_lib/config/protocols...
[2024-11-13 23:37:41,997] ERROR - CoreFramework - Protocols directory not found at /mnt/c/Users/13096/wireless_pen_test_lib/config/protocols.
[2024-11-13 23:40:20,716] INFO - CoreFramework - Initializing CoreFramework...
[2024-11-13 23:40:20,824] WARNING - CoreFramework - Vulnerability file not found at /mnt/c/Users/13096/wireless_pen_test_lib/vulnerabilities/vulnerabilities.json. Initializing empty vulnerability database.
[2024-11-13 23:40:20,825] INFO - CoreFramework - Loading protocol modules from /mnt/c/Users/13096/wireless_pen_test_lib/protocols...
[2024-11-13 23:40:20,848] DEBUG - CoreFramework - Loading module 'base_protocol' from '/mnt/c/Users/13096/wireless_pen_test_lib/protocols/base_protocol.py'.
[2024-11-13 23:40:20,907] DEBUG - CoreFramework - Loading module 'bluetooth' from '/mnt/c/Users/13096/wireless_pen_test_lib/protocols/bluetooth.py'.
[2024-11-13 23:40:21,941] ERROR - CoreFramework - Failed to load module 'bluetooth': attempted relative import with no known parent package
[2024-11-13 23:40:21,942] DEBUG - CoreFramework - Loading module 'wifi' from '/mnt/c/Users/13096/wireless_pen_test_lib/protocols/wifi.py'.
[2024-11-13 23:40:22,068] ERROR - CoreFramework - Failed to load module 'wifi': attempted relative import with no known parent package
[2024-11-13 23:40:22,069] DEBUG - CoreFramework - Loading module '__init__' from '/mnt/c/Users/13096/wireless_pen_test_lib/protocols/__init__.py'.
[2024-11-13 23:40:22,203] ERROR - CoreFramework - Failed to load module '__init__': attempted relative import with no known parent package
[2024-11-13 23:40:22,204] INFO - CoreFramework - Protocol modules loaded successfully.
[2024-11-13 23:40:22,225] INFO - CoreFramework - CoreFramework initialized successfully.
[2024-11-13 23:40:22,374] INFO - CoreFramework - Loading protocol modules from /mnt/c/Users/13096/wireless_pen_test_lib/protocols...
[2024-11-13 23:40:22,588] DEBUG - CoreFramework - Loading module 'base_protocol' from '/mnt/c/Users/13096/wireless_pen_test_lib/protocols/base_protocol.py'.
[2024-11-13 23:40:22,611] DEBUG - CoreFramework - Loading module 'bluetooth' from '/mnt/c/Users/13096/wireless_pen_test_lib/protocols/bluetooth.py'.
[2024-11-13 23:40:22,623] ERROR - CoreFramework - Failed to load module 'bluetooth': attempted relative import with no known parent package
[2024-11-13 23:40:22,624] DEBUG - CoreFramework - Loading module 'wifi' from '/mnt/c/Users/13096/wireless_pen_test_lib/protocols/wifi.py'.
[2024-11-13 23:40:22,682] ERROR - CoreFramework - Failed to load module 'wifi': attempted relative import with no known parent package
[2024-11-13 23:40:22,683] DEBUG - CoreFramework - Loading module '__init__' from '/mnt/c/Users/13096/wireless_pen_test_lib/protocols/__init__.py'.
[2024-11-13 23:40:22,737] ERROR - CoreFramework - Failed to load module '__init__': attempted relative import with no known parent package
[2024-11-13 23:40:22,738] INFO - CoreFramework - Protocol modules loaded successfully.
[2024-11-13 23:40:22,739] INFO - CoreFramework - CLI initialized successfully.
[2024-11-13 23:40:30,912] INFO - CoreFramework - Initializing CoreFramework...
[2024-11-13 23:40:30,945] WARNING - CoreFramework - Vulnerability file not found at /mnt/c/Users/13096/wireless_pen_test_lib/vulnerabilities/vulnerabilities.json. Initializing empty vulnerability database.
[2024-11-13 23:40:30,946] INFO - CoreFramework - Loading protocol modules from /mnt/c/Users/13096/wireless_pen_test_lib/protocols...
[2024-11-13 23:40:30,954] DEBUG - CoreFramework - Loading module 'base_protocol' from '/mnt/c/Users/13096/wireless_pen_test_lib/protocols/base_protocol.py'.
[2024-11-13 23:40:30,963] DEBUG - CoreFramework - Loading module 'bluetooth' from '/mnt/c/Users/13096/wireless_pen_test_lib/protocols/bluetooth.py'.
[2024-11-13 23:40:31,462] ERROR - CoreFramework - Failed to load module 'bluetooth': attempted relative import with no known parent package
[2024-11-13 23:40:31,474] DEBUG - CoreFramework - Loading module 'wifi' from '/mnt/c/Users/13096/wireless_pen_test_lib/protocols/wifi.py'.
[2024-11-13 23:40:31,525] ERROR - CoreFramework - Failed to load module 'wifi': attempted relative import with no known parent package
[2024-11-13 23:40:31,526] DEBUG - CoreFramework - Loading module '__init__' from '/mnt/c/Users/13096/wireless_pen_test_lib/protocols/__init__.py'.
[2024-11-13 23:40:31,533] ERROR - CoreFramework - Failed to load module '__init__': attempted relative import with no known parent package
[2024-11-13 23:40:31,534] INFO - CoreFramework - Protocol modules loaded successfully.
[2024-11-13 23:40:31,535] INFO - CoreFramework - CoreFramework initialized successfully.
[2024-11-13 23:40:31,536] INFO - CoreFramework - Loading protocol modules from /mnt/c/Users/13096/wireless_pen_test_lib/protocols...
[2024-11-13 23:40:31,592] DEBUG - CoreFramework - Loading module 'base_protocol' from '/mnt/c/Users/13096/wireless_pen_test_lib/protocols/base_protocol.py'.
[2024-11-13 23:40:31,603] DEBUG - CoreFramework - Loading module 'bluetooth' from '/mnt/c/Users/13096/wireless_pen_test_lib/protocols/bluetooth.py'.
[2024-11-13 23:40:31,611] ERROR - CoreFramework - Failed to load module 'bluetooth': attempted relative import with no known parent package
[2024-11-13 23:40:31,612] DEBUG - CoreFramework - Loading module 'wifi' from '/mnt/c/Users/13096/wireless_pen_test_lib/protocols/wifi.py'.
[2024-11-13 23:40:31,623] ERROR - CoreFramework - Failed to load module 'wifi': attempted relative import with no known parent package
[2024-11-13 23:40:31,623] DEBUG - CoreFramework - Loading module '__init__' from '/mnt/c/Users/13096/wireless_pen_test_lib/protocols/__init__.py'.
[2024-11-13 23:40:31,676] ERROR - CoreFramework - Failed to load module '__init__': attempted relative import with no known parent package
[2024-11-13 23:40:31,676] INFO - CoreFramework - Protocol modules loaded successfully.
[2024-11-13 23:40:31,677] INFO - CoreFramework - CLI initialized successfully.
[2024-11-14 19:05:32,092] INFO - CoreFramework - Initializing CoreFramework...
[2024-11-14 19:05:32,131] WARNING - CoreFramework - Error loading vulnerability database: [Errno 2] No such file or directory: '/mnt/c/Users/13096/wireless_pen_test_lib/vulnerabilities/vulnerabilities.json'. Initializing empty vulnerability database.
Traceback (most recent call last):
  File "/mnt/c/Users/13096/wireless_pen_test_lib/core/__init__.py", line 71, in __init__
    with open(path_to_vulnerabilities, 'r') as f:
         ^^^^^^^^^^^^^^^^^^^^^^^^^^^^^^^^^^
FileNotFoundError: [Errno 2] No such file or directory: '/mnt/c/Users/13096/wireless_pen_test_lib/vulnerabilities/vulnerabilities.json'
[2024-11-14 19:05:32,147] INFO - CoreFramework - Loading protocol modules from /mnt/c/Users/13096/wireless_pen_test_lib/core/config...
[2024-11-14 19:05:32,168] INFO - CoreFramework - Protocol modules loaded successfully.
[2024-11-14 19:05:32,181] INFO - CoreFramework - CoreFramework initialized successfully.
[2024-11-14 19:05:32,183] INFO - CoreFramework - Loading protocol modules from /mnt/c/Users/13096/wireless_pen_test_lib/core/config...
[2024-11-14 19:05:32,195] INFO - CoreFramework - Protocol modules loaded successfully.
[2024-11-14 19:05:32,196] INFO - CoreFramework - CLI initialized successfully with project root: /mnt/c/Users/13096/wireless_pen_test_lib and protocols path: /mnt/c/Users/13096/wireless_pen_test_lib/core/config/protocols
[2024-11-20 16:09:55,391] INFO - CoreFramework - Initializing CoreFramework...
[2024-11-20 16:09:55,401] INFO - CoreFramework - Configuration loaded successfully.
[2024-11-20 16:09:55,406] INFO - CoreFramework - Loaded vulnerability database from C:\Users\13096\wireless_pen_test_lib\vulnerabilities\vulnerabilities.json.
[2024-11-20 16:09:55,407] INFO - CoreFramework - Network and Data Storage Managers initialized successfully.
[2024-11-20 16:09:55,408] INFO - CoreFramework - Loading protocol modules from modules/...
[2024-11-20 16:09:55,408] ERROR - CoreFramework - Protocols directory not found at modules/.
[2024-11-20 16:09:55,408] ERROR - CoreFramework - Failed to load protocol modules: Protocols directory not found at modules/.
Traceback (most recent call last):
  File "C:\Users\13096\wireless_pen_test_lib\core\__init__.py", line 174, in __init__
    self.load_protocol_modules()
  File "C:\Users\13096\wireless_pen_test_lib\core\__init__.py", line 228, in load_protocol_modules
    raise FileNotFoundError(f"Protocols directory not found at {protocols_dir}.")
FileNotFoundError: Protocols directory not found at modules/.
[2024-11-23 16:55:02,361] INFO - CoreFramework - Initializing CoreFramework...
[2024-11-23 16:55:02,370] INFO - CoreFramework - Configuration loaded successfully.
[2024-11-23 16:55:02,380] INFO - CoreFramework - Loaded vulnerability database from C:\Users\13096\wireless_pen_test_lib\vulnerabilities\vulnerabilities.json.
[2024-11-23 16:55:02,381] INFO - CoreFramework - Network and Data Storage Managers initialized successfully.
[2024-11-23 16:55:02,381] INFO - CoreFramework - Loading protocol modules from modules...
[2024-11-23 16:55:02,381] ERROR - CoreFramework - Protocols directory not found at modules.
[2024-11-23 16:55:02,381] ERROR - CoreFramework - Failed to load protocol modules: Protocols directory not found at modules.
Traceback (most recent call last):
  File "C:\Users\13096\wireless_pen_test_lib\core\__init__.py", line 177, in __init__
    self.load_protocol_modules()
  File "C:\Users\13096\wireless_pen_test_lib\core\__init__.py", line 231, in load_protocol_modules
    raise FileNotFoundError(f"Protocols directory not found at {protocols_dir}.")
FileNotFoundError: Protocols directory not found at modules.
[2024-11-23 17:02:06,647] INFO - CoreFramework - Initializing CoreFramework...
[2024-11-23 17:02:06,654] INFO - CoreFramework - Configuration loaded successfully.
[2024-11-23 17:02:06,660] INFO - CoreFramework - Loaded vulnerability database from C:\Users\13096\wireless_pen_test_lib\vulnerabilities\vulnerabilities.json.
[2024-11-23 17:02:06,661] INFO - CoreFramework - Network and Data Storage Managers initialized successfully.
[2024-11-23 17:02:06,661] INFO - CoreFramework - Loading protocol modules from modules...
[2024-11-23 17:02:06,662] ERROR - CoreFramework - Protocols directory not found at modules.
[2024-11-23 17:02:06,662] ERROR - CoreFramework - Failed to load protocol modules: Protocols directory not found at modules.
Traceback (most recent call last):
  File "C:\Users\13096\wireless_pen_test_lib\core\__init__.py", line 177, in __init__
    self.load_protocol_modules()
  File "C:\Users\13096\wireless_pen_test_lib\core\__init__.py", line 231, in load_protocol_modules
    raise FileNotFoundError(f"Protocols directory not found at {protocols_dir}.")
FileNotFoundError: Protocols directory not found at modules.
[2024-11-26 18:51:22,862] INFO - CoreFramework - Initializing CoreFramework...
[2024-11-26 18:51:22,868] INFO - CoreFramework - Configuration loaded successfully.
[2024-11-26 18:51:22,873] INFO - CoreFramework - Loaded vulnerability database from C:\Users\13096\wireless_pen_test_lib\wireless_pen_test_lib\vulnerabilities\vulnerabilities.json.
[2024-11-26 18:51:22,874] INFO - CoreFramework - Network and Data Storage Managers initialized successfully.
[2024-11-26 18:51:22,874] INFO - CoreFramework - Loading protocol modules from C:\Users\13096\wireless_pen_test_lib\wireless_pen_test_lib\core\configs\protocols...
[2024-11-26 18:51:22,875] ERROR - CoreFramework - Protocols directory not found at C:\Users\13096\wireless_pen_test_lib\wireless_pen_test_lib\core\configs\protocols.
[2024-11-26 18:51:22,875] ERROR - CoreFramework - Failed to load protocol modules: Protocols directory not found at C:\Users\13096\wireless_pen_test_lib\wireless_pen_test_lib\core\configs\protocols.
Traceback (most recent call last):
  File "C:\Users\13096\wireless_pen_test_lib\wireless_pen_test_lib\core\__init__.py", line 199, in __init__
    self.load_protocol_modules()
  File "C:\Users\13096\wireless_pen_test_lib\wireless_pen_test_lib\core\__init__.py", line 225, in load_protocol_modules
    raise FileNotFoundError(f"Protocols directory not found at {protocols_dir}.")
FileNotFoundError: Protocols directory not found at C:\Users\13096\wireless_pen_test_lib\wireless_pen_test_lib\core\configs\protocols.
[2024-11-26 18:53:56,791] INFO - CoreFramework - Initializing CoreFramework...
[2024-11-26 18:53:56,797] INFO - CoreFramework - Configuration loaded successfully.
[2024-11-26 18:53:56,802] INFO - CoreFramework - Loaded vulnerability database from C:\Users\13096\wireless_pen_test_lib\wireless_pen_test_lib\vulnerabilities\vulnerabilities.json.
[2024-11-26 18:53:56,802] INFO - CoreFramework - Network and Data Storage Managers initialized successfully.
[2024-11-26 18:53:56,803] INFO - CoreFramework - Loading protocol modules from C:\Users\13096\wireless_pen_test_lib\wireless_pen_test_lib\core\configs\protocols...
[2024-11-26 18:53:56,803] ERROR - CoreFramework - Protocols directory not found at C:\Users\13096\wireless_pen_test_lib\wireless_pen_test_lib\core\configs\protocols.
[2024-11-26 18:53:56,803] ERROR - CoreFramework - Failed to load protocol modules: Protocols directory not found at C:\Users\13096\wireless_pen_test_lib\wireless_pen_test_lib\core\configs\protocols.
Traceback (most recent call last):
  File "C:\Users\13096\wireless_pen_test_lib\wireless_pen_test_lib\core\__init__.py", line 199, in __init__
    self.load_protocol_modules()
  File "C:\Users\13096\wireless_pen_test_lib\wireless_pen_test_lib\core\__init__.py", line 225, in load_protocol_modules
    raise FileNotFoundError(f"Protocols directory not found at {protocols_dir}.")
FileNotFoundError: Protocols directory not found at C:\Users\13096\wireless_pen_test_lib\wireless_pen_test_lib\core\configs\protocols.
[2024-11-26 18:57:52,441] INFO - CoreFramework - Initializing CoreFramework...
[2024-11-26 18:57:52,445] INFO - CoreFramework - Configuration loaded successfully.
[2024-11-26 18:57:52,449] INFO - CoreFramework - Loaded vulnerability database from C:\Users\13096\wireless_pen_test_lib\wireless_pen_test_lib\vulnerabilities\vulnerabilities.json.
[2024-11-26 18:57:52,450] INFO - CoreFramework - Network and Data Storage Managers initialized successfully.
[2024-11-26 18:57:52,450] INFO - CoreFramework - Loading protocol modules from C:\Users\13096\wireless_pen_test_lib\wireless_pen_test_lib\core\config\protocols...
[2024-11-26 18:57:52,451] DEBUG - CoreFramework - Loading module 'base_protocol' from 'C:\Users\13096\wireless_pen_test_lib\wireless_pen_test_lib\core\config\protocols\base_protocol.py'.
[2024-11-26 18:57:52,452] DEBUG - CoreFramework - Loading module 'bluetooth' from 'C:\Users\13096\wireless_pen_test_lib\wireless_pen_test_lib\core\config\protocols\bluetooth.py'.
[2024-11-26 18:57:52,455] DEBUG - CoreFramework - Loading module 'wifi' from 'C:\Users\13096\wireless_pen_test_lib\wireless_pen_test_lib\core\config\protocols\wifi.py'.
[2024-11-26 18:57:52,457] INFO - CoreFramework - Protocol modules loaded successfully.
[2024-11-26 18:57:52,457] INFO - CoreFramework - CoreFramework initialized successfully.
[2024-11-26 18:57:52,458] INFO - CoreFramework - CoreFramework initialized successfully.
[2024-11-26 18:57:54,854] DEBUG - CoreFramework.LocalScanner - Operating System detected: Windows
[2024-11-26 18:57:54,854] INFO - CoreFramework.DosScanner - DosScanner initialized.
[2024-11-26 19:16:06,489] INFO - CoreFramework - Initializing CoreFramework...
[2024-11-26 19:16:08,073] INFO - CoreFramework - Configuration loaded successfully.
[2024-11-26 19:16:08,319] ERROR - CoreFramework - Error initializing WifiScanner: 'WifiScanner' object has no attribute 'logger'
Traceback (most recent call last):
  File "C:\Users\13096\wireless_pen_test_lib\wireless_pen_test_lib\core\__init__.py", line 139, in __init__
    self.wifi_scanner = WifiScanner(interface=self.interface, logger=self.logger)
                        ^^^^^^^^^^^^^^^^^^^^^^^^^^^^^^^^^^^^^^^^^^^^^^^^^^^^^^^^^
  File "C:\Users\13096\wireless_pen_test_lib\wireless_pen_test_lib\modules\network_enumeration\wifi_scanner.py", line 35, in __init__
    self.iface = self._get_interface(interface)
                 ^^^^^^^^^^^^^^^^^^^^^^^^^^^^^^
  File "C:\Users\13096\wireless_pen_test_lib\wireless_pen_test_lib\modules\network_enumeration\wifi_scanner.py", line 62, in _get_interface
    self.logger.warning(f"Interface '{interface_name}' not found. Using the first available interface.")
    ^^^^^^^^^^^
AttributeError: 'WifiScanner' object has no attribute 'logger'
[2024-11-26 19:20:05,193] INFO - CoreFramework - Initializing CoreFramework...
[2024-11-26 19:20:05,198] INFO - CoreFramework - Configuration loaded successfully.
[2024-11-26 19:20:05,199] DEBUG - CoreFramework - Initializing WifiScanner.
[2024-11-26 19:20:05,202] WARNING - CoreFramework - Interface 'wlan0' not found. Using the first available interface.
[2024-11-26 19:20:05,203] DEBUG - CoreFramework - Using default interface: Realtek RTL8822CE 802.11ac PCIe Adapter
[2024-11-26 19:20:05,205] DEBUG - CoreFramework - WifiScanner initialized successfully.
[2024-11-26 19:20:05,205] INFO - CoreFramework - WifiScanner initialized successfully.
[2024-11-26 19:20:05,210] INFO - CoreFramework - Loaded vulnerability database from C:\Users\13096\wireless_pen_test_lib\wireless_pen_test_lib\vulnerabilities\vulnerabilities.json.
[2024-11-26 19:20:05,211] INFO - CoreFramework - Network and Data Storage Managers initialized successfully.
[2024-11-26 19:20:05,211] INFO - CoreFramework - Loading protocol modules from C:\Users\13096\wireless_pen_test_lib\wireless_pen_test_lib\core\config\protocols...
[2024-11-26 19:20:05,212] DEBUG - CoreFramework - Loading module 'base_protocol' from 'C:\Users\13096\wireless_pen_test_lib\wireless_pen_test_lib\core\config\protocols\base_protocol.py'.
[2024-11-26 19:20:05,212] DEBUG - CoreFramework - Loading module 'bluetooth' from 'C:\Users\13096\wireless_pen_test_lib\wireless_pen_test_lib\core\config\protocols\bluetooth.py'.
[2024-11-26 19:20:05,216] DEBUG - CoreFramework - Loading module 'wifi' from 'C:\Users\13096\wireless_pen_test_lib\wireless_pen_test_lib\core\config\protocols\wifi.py'.
[2024-11-26 19:20:05,218] INFO - CoreFramework - Protocol modules loaded successfully.
[2024-11-26 19:20:05,219] INFO - CoreFramework - CoreFramework initialized successfully.
[2024-11-26 19:20:05,219] INFO - CoreFramework - CoreFramework initialized successfully.
[2024-11-26 19:20:08,630] DEBUG - CoreFramework.LocalScanner - Operating System detected: Windows
[2024-11-26 19:20:08,631] INFO - CoreFramework.DosScanner - DosScanner initialized.
[2024-11-26 19:20:18,091] INFO - CoreFramework - Initiating Wi-Fi network scan...
[2024-11-26 19:20:18,092] INFO - CoreFramework - Starting Wi-Fi network scan...
[2024-11-26 19:20:23,098] ERROR - CoreFramework - Error during Wi-Fi scan: module 'pywifi.const' has no attribute 'AKM_TYPE_WEP'
Traceback (most recent call last):
  File "C:\Users\13096\wireless_pen_test_lib\wireless_pen_test_lib\core\__init__.py", line 280, in scan_wifi_networks
    networks = self.wifi_scanner.scan_networks(scan_duration=scan_duration)
               ^^^^^^^^^^^^^^^^^^^^^^^^^^^^^^^^^^^^^^^^^^^^^^^^^^^^^^^^^^^^
  File "C:\Users\13096\wireless_pen_test_lib\wireless_pen_test_lib\modules\network_enumeration\wifi_scanner.py", line 82, in scan_networks
    security = self._get_security(network)
               ^^^^^^^^^^^^^^^^^^^^^^^^^^^
  File "C:\Users\13096\wireless_pen_test_lib\wireless_pen_test_lib\modules\network_enumeration\wifi_scanner.py", line 107, in _get_security
    elif const.AKM_TYPE_WEP in network.akm:
         ^^^^^^^^^^^^^^^^^^
AttributeError: module 'pywifi.const' has no attribute 'AKM_TYPE_WEP'. Did you mean: 'AKM_TYPE_WPA'?
[2024-11-26 19:23:02,024] INFO - CoreFramework - Stopping all operations...
[2024-11-26 19:23:02,028] INFO - CoreFramework - Stopping continuous packet sending.
[2024-11-26 19:23:02,028] INFO - CoreFramework - Stopping all deauthentication attacks.
[2024-11-26 19:23:02,029] INFO - CoreFramework - All deauthentication attacks stopped.
[2024-11-26 19:24:50,538] INFO - CoreFramework - Initializing CoreFramework...
[2024-11-26 19:24:50,546] INFO - CoreFramework - Configuration loaded successfully.
[2024-11-26 19:24:50,546] DEBUG - CoreFramework - Initializing WifiScanner.
[2024-11-26 19:24:50,548] WARNING - CoreFramework - Interface 'wlan0' not found. Using the first available interface.
[2024-11-26 19:24:50,550] DEBUG - CoreFramework - Using default interface: Realtek RTL8822CE 802.11ac PCIe Adapter
[2024-11-26 19:24:50,552] DEBUG - CoreFramework - WifiScanner initialized successfully.
[2024-11-26 19:24:50,552] INFO - CoreFramework - WifiScanner initialized successfully.
[2024-11-26 19:24:50,556] INFO - CoreFramework - Loaded vulnerability database from C:\Users\13096\wireless_pen_test_lib\wireless_pen_test_lib\vulnerabilities\vulnerabilities.json.
[2024-11-26 19:24:50,557] INFO - CoreFramework - Network and Data Storage Managers initialized successfully.
[2024-11-26 19:24:50,558] INFO - CoreFramework - Loading protocol modules from C:\Users\13096\wireless_pen_test_lib\wireless_pen_test_lib\core\config\protocols...
[2024-11-26 19:24:50,558] DEBUG - CoreFramework - Loading module 'base_protocol' from 'C:\Users\13096\wireless_pen_test_lib\wireless_pen_test_lib\core\config\protocols\base_protocol.py'.
[2024-11-26 19:24:50,559] DEBUG - CoreFramework - Loading module 'bluetooth' from 'C:\Users\13096\wireless_pen_test_lib\wireless_pen_test_lib\core\config\protocols\bluetooth.py'.
[2024-11-26 19:24:50,561] DEBUG - CoreFramework - Loading module 'wifi' from 'C:\Users\13096\wireless_pen_test_lib\wireless_pen_test_lib\core\config\protocols\wifi.py'.
[2024-11-26 19:24:50,563] INFO - CoreFramework - Protocol modules loaded successfully.
[2024-11-26 19:24:50,564] INFO - CoreFramework - CoreFramework initialized successfully.
[2024-11-26 19:24:50,565] INFO - CoreFramework - CoreFramework initialized successfully.
[2024-11-26 19:24:53,776] DEBUG - CoreFramework.LocalScanner - Operating System detected: Windows
[2024-11-26 19:24:53,777] INFO - CoreFramework.DosScanner - DosScanner initialized.
[2024-11-26 19:24:58,327] INFO - CoreFramework - Initiating Wi-Fi network scan...
[2024-11-26 19:24:58,327] INFO - CoreFramework - Starting Wi-Fi network scan...
[2024-11-26 19:25:03,334] INFO - CoreFramework - Wi-Fi scan completed. 22 networks found.
[2024-11-26 19:25:03,334] INFO - CoreFramework - Wi-Fi scan completed. 22 networks found.
[2024-11-26 19:25:11,770] INFO - CoreFramework - Stopping all operations...
[2024-11-26 19:25:11,770] INFO - CoreFramework - Stopping continuous packet sending.
[2024-11-26 19:25:11,770] INFO - CoreFramework - Stopping all deauthentication attacks.
[2024-11-26 19:25:11,770] INFO - CoreFramework - All deauthentication attacks stopped.
[2024-11-26 19:54:03,991] INFO - CoreFramework - Initializing CoreFramework...
[2024-11-26 19:54:04,108] INFO - CoreFramework - Database Manager initialized successfully.
[2024-11-26 19:54:04,108] ERROR - CoreFramework - Error loading configuration: name 'ConfigManager' is not defined
Traceback (most recent call last):
  File "C:\Users\13096\wireless_pen_test_lib\wireless_pen_test_lib\core\__init__.py", line 145, in __init__
    self.config_manager = ConfigManager(config_dir=config_dir)
                          ^^^^^^^^^^^^^
NameError: name 'ConfigManager' is not defined
[2024-11-26 20:06:22,425] INFO - CoreFramework - Initializing CoreFramework...
[2024-11-26 20:06:22,501] INFO - CoreFramework - Database Manager initialized successfully.
[2024-11-26 20:06:22,511] INFO - CoreFramework - Configuration loaded successfully.
[2024-11-26 20:06:22,511] DEBUG - CoreFramework - Initializing WifiScanner.
[2024-11-26 20:06:22,511] ERROR - CoreFramework - Error initializing WifiScanner: 'WifiScanner' object has no attribute '_get_interface'
Traceback (most recent call last):
  File "C:\Users\13096\wireless_pen_test_lib\wireless_pen_test_lib\core\__init__.py", line 159, in __init__
    self.wifi_scanner = WifiScanner(interface=self.interface, logger=self.logger, core_framework=self)
                        ^^^^^^^^^^^^^^^^^^^^^^^^^^^^^^^^^^^^^^^^^^^^^^^^^^^^^^^^^^^^^^^^^^^^^^^^^^^^^^
  File "C:\Users\13096\wireless_pen_test_lib\wireless_pen_test_lib\modules\network_enumeration\wifi_scanner.py", line 29, in __init__
    self.iface = self._get_interface(interface)
                 ^^^^^^^^^^^^^^^^^^^
AttributeError: 'WifiScanner' object has no attribute '_get_interface'
[2024-11-26 20:08:39,053] INFO - CoreFramework - Initializing CoreFramework...
[2024-11-26 20:08:39,127] INFO - CoreFramework - Database Manager initialized successfully.
[2024-11-26 20:08:39,135] INFO - CoreFramework - Configuration loaded successfully.
[2024-11-26 20:08:39,136] DEBUG - CoreFramework - Initializing WifiScanner.
[2024-11-26 20:08:39,145] ERROR - CoreFramework - Error initializing WifiScanner: Interface 'wlan0' not found.
Traceback (most recent call last):
  File "C:\Users\13096\wireless_pen_test_lib\wireless_pen_test_lib\core\__init__.py", line 159, in __init__
    self.wifi_scanner = WifiScanner(interface=self.interface, logger=self.logger, core_framework=self)
                        ^^^^^^^^^^^^^^^^^^^^^^^^^^^^^^^^^^^^^^^^^^^^^^^^^^^^^^^^^^^^^^^^^^^^^^^^^^^^^^
  File "C:\Users\13096\wireless_pen_test_lib\wireless_pen_test_lib\modules\network_enumeration\wifi_scanner.py", line 30, in __init__
    self.iface = self._get_interface(interface)
                 ^^^^^^^^^^^^^^^^^^^^^^^^^^^^^^
  File "C:\Users\13096\wireless_pen_test_lib\wireless_pen_test_lib\modules\network_enumeration\wifi_scanner.py", line 90, in _get_interface
    raise ValueError(f"Interface '{interface}' not found.")
ValueError: Interface 'wlan0' not found.
[2024-11-26 20:09:48,686] INFO - CoreFramework - Initializing CoreFramework...
[2024-11-26 20:09:48,729] INFO - CoreFramework - Database Manager initialized successfully.
[2024-11-26 20:09:48,736] INFO - CoreFramework - Configuration loaded successfully.
[2024-11-26 20:09:48,736] DEBUG - CoreFramework - Initializing WifiScanner.
[2024-11-26 20:09:48,737] ERROR - CoreFramework - Error initializing WifiScanner: 'WifiScanner' object has no attribute '_get_interface'
Traceback (most recent call last):
  File "C:\Users\13096\wireless_pen_test_lib\wireless_pen_test_lib\core\__init__.py", line 159, in __init__
    self.wifi_scanner = WifiScanner(interface=self.interface, logger=self.logger, core_framework=self)
                        ^^^^^^^^^^^^^^^^^^^^^^^^^^^^^^^^^^^^^^^^^^^^^^^^^^^^^^^^^^^^^^^^^^^^^^^^^^^^^^
  File "C:\Users\13096\wireless_pen_test_lib\wireless_pen_test_lib\modules\network_enumeration\wifi_scanner.py", line 30, in __init__
    self.iface = self._get_interface(interface)
                 ^^^^^^^^^^^^^^^^^^^
AttributeError: 'WifiScanner' object has no attribute '_get_interface'
[2024-11-26 20:11:26,699] INFO - CoreFramework - Initializing CoreFramework...
[2024-11-26 20:11:26,792] INFO - CoreFramework - Database Manager initialized successfully.
[2024-11-26 20:11:26,806] INFO - CoreFramework - Configuration loaded successfully.
[2024-11-26 20:11:26,806] DEBUG - CoreFramework - Initializing WifiScanner.
[2024-11-26 20:11:26,809] DEBUG - CoreFramework - Available interfaces: ['Realtek RTL8822CE 802.11ac PCIe Adapter']
[2024-11-26 20:11:26,811] WARNING - CoreFramework - Interface 'wlan0' not found. Using default interface.
[2024-11-26 20:11:26,811] DEBUG - CoreFramework - Using default interface: Realtek RTL8822CE 802.11ac PCIe Adapter
[2024-11-26 20:11:26,813] DEBUG - CoreFramework - WifiScanner initialized successfully.
[2024-11-26 20:11:26,813] INFO - CoreFramework - WifiScanner initialized successfully.
[2024-11-26 20:11:26,822] INFO - CoreFramework - Loaded vulnerability database from C:\Users\13096\wireless_pen_test_lib\wireless_pen_test_lib\vulnerabilities\vulnerabilities.json.
[2024-11-26 20:11:26,830] INFO - CoreFramework - Network and Data Storage Managers initialized successfully.
[2024-11-26 20:11:26,831] INFO - CoreFramework - Loading protocol modules from C:\Users\13096\wireless_pen_test_lib\wireless_pen_test_lib\core\config\protocols...
[2024-11-26 20:11:26,834] DEBUG - CoreFramework - Loading module 'base_protocol' from 'C:\Users\13096\wireless_pen_test_lib\wireless_pen_test_lib\core\config\protocols\base_protocol.py'.
[2024-11-26 20:11:26,851] DEBUG - CoreFramework - Loading module 'bluetooth' from 'C:\Users\13096\wireless_pen_test_lib\wireless_pen_test_lib\core\config\protocols\bluetooth.py'.
[2024-11-26 20:11:26,857] DEBUG - CoreFramework - Loading module 'wifi' from 'C:\Users\13096\wireless_pen_test_lib\wireless_pen_test_lib\core\config\protocols\wifi.py'.
[2024-11-26 20:11:26,863] INFO - CoreFramework - Protocol modules loaded successfully.
[2024-11-26 20:11:26,863] INFO - CoreFramework - CoreFramework initialized successfully.
[2024-11-26 20:11:26,863] INFO - CoreFramework - CoreFramework initialized successfully.
[2024-11-26 20:11:28,579] DEBUG - CoreFramework.LocalScanner - Operating System detected: Windows
[2024-11-26 20:11:28,579] INFO - CoreFramework.DosScanner - DosScanner initialized.
[2024-11-26 20:16:34,728] INFO - CoreFramework - Initializing CoreFramework...
[2024-11-26 20:16:34,790] INFO - CoreFramework - Database Manager initialized successfully.
[2024-11-26 20:16:34,798] INFO - CoreFramework - Configuration loaded successfully.
[2024-11-26 20:16:34,798] DEBUG - CoreFramework - Initializing WifiScanner.
[2024-11-26 20:16:34,802] DEBUG - CoreFramework - Available interfaces: ['Realtek RTL8822CE 802.11ac PCIe Adapter']
[2024-11-26 20:16:34,802] WARNING - CoreFramework - Interface 'wlan0' not found. Using default interface.
[2024-11-26 20:16:34,802] DEBUG - CoreFramework - Using default interface: Realtek RTL8822CE 802.11ac PCIe Adapter
[2024-11-26 20:16:34,803] DEBUG - CoreFramework - WifiScanner initialized successfully.
[2024-11-26 20:16:34,803] INFO - CoreFramework - WifiScanner initialized successfully.
[2024-11-26 20:16:34,807] INFO - CoreFramework - Loaded vulnerability database from C:\Users\13096\wireless_pen_test_lib\wireless_pen_test_lib\vulnerabilities\vulnerabilities.json.
[2024-11-26 20:16:34,809] INFO - CoreFramework - Network and Data Storage Managers initialized successfully.
[2024-11-26 20:16:34,809] INFO - CoreFramework - Loading protocol modules from C:\Users\13096\wireless_pen_test_lib\wireless_pen_test_lib\core\config\protocols...
[2024-11-26 20:16:34,809] DEBUG - CoreFramework - Loading module 'base_protocol' from 'C:\Users\13096\wireless_pen_test_lib\wireless_pen_test_lib\core\config\protocols\base_protocol.py'.
[2024-11-26 20:16:34,811] DEBUG - CoreFramework - Loading module 'bluetooth' from 'C:\Users\13096\wireless_pen_test_lib\wireless_pen_test_lib\core\config\protocols\bluetooth.py'.
[2024-11-26 20:16:34,813] DEBUG - CoreFramework - Loading module 'wifi' from 'C:\Users\13096\wireless_pen_test_lib\wireless_pen_test_lib\core\config\protocols\wifi.py'.
[2024-11-26 20:16:34,817] INFO - CoreFramework - Protocol modules loaded successfully.
[2024-11-26 20:16:34,817] INFO - CoreFramework - CoreFramework initialized successfully.
[2024-11-26 20:16:34,817] INFO - CoreFramework - CoreFramework initialized successfully.
[2024-11-26 20:16:40,961] DEBUG - CoreFramework.LocalScanner - Operating System detected: Windows
[2024-11-26 20:16:40,961] INFO - CoreFramework.DosScanner - DosScanner initialized.
[2024-11-26 20:16:55,102] INFO - CoreFramework - Initiating Wi-Fi network scan...
[2024-11-26 20:16:55,103] INFO - CoreFramework - Starting Wi-Fi network scan...
[2024-11-26 20:17:00,109] DEBUG - CoreFramework - Scan complete. 22 networks found.
[2024-11-26 20:17:00,109] ERROR - CoreFramework - Error during Wi-Fi scan: module 'pywifi.const' has no attribute 'AUTH_OPEN'
Traceback (most recent call last):
  File "C:\Users\13096\wireless_pen_test_lib\wireless_pen_test_lib\core\__init__.py", line 300, in scan_wifi_networks
    networks = self.wifi_scanner.scan_networks(scan_duration=scan_duration)
               ^^^^^^^^^^^^^^^^^^^^^^^^^^^^^^^^^^^^^^^^^^^^^^^^^^^^^^^^^^^^
  File "C:\Users\13096\wireless_pen_test_lib\wireless_pen_test_lib\modules\network_enumeration\wifi_scanner.py", line 185, in scan_networks
    security = self._get_security(network)
               ^^^^^^^^^^^^^^^^^^^^^^^^^^^
  File "C:\Users\13096\wireless_pen_test_lib\wireless_pen_test_lib\modules\network_enumeration\wifi_scanner.py", line 117, in _get_security
    if auth == const.AUTH_OPEN:
               ^^^^^^^^^^^^^^^
AttributeError: module 'pywifi.const' has no attribute 'AUTH_OPEN'. Did you mean: 'AUTH_ALG_OPEN'?
[2024-11-26 20:17:22,778] INFO - CoreFramework.LocalScanner - Manual network scan initiated.
[2024-11-26 20:17:22,780] INFO - CoreFramework.LocalScanner - Starting local network scan for devices...
[2024-11-26 20:17:22,794] ERROR - CoreFramework.LocalScanner - Error determining network range: Cannot find any interface with description eth0
[2024-11-26 20:17:22,795] INFO - CoreFramework.LocalScanner - Manual network scan completed.
[2024-11-26 20:17:40,162] INFO - CoreFramework - Initiating Wi-Fi network scan...
[2024-11-26 20:17:40,163] INFO - CoreFramework - Starting Wi-Fi network scan...
[2024-11-26 20:17:45,168] DEBUG - CoreFramework - Scan complete. 24 networks found.
[2024-11-26 20:17:45,169] ERROR - CoreFramework - Error during Wi-Fi scan: module 'pywifi.const' has no attribute 'AUTH_OPEN'
Traceback (most recent call last):
  File "C:\Users\13096\wireless_pen_test_lib\wireless_pen_test_lib\core\__init__.py", line 300, in scan_wifi_networks
    networks = self.wifi_scanner.scan_networks(scan_duration=scan_duration)
               ^^^^^^^^^^^^^^^^^^^^^^^^^^^^^^^^^^^^^^^^^^^^^^^^^^^^^^^^^^^^
  File "C:\Users\13096\wireless_pen_test_lib\wireless_pen_test_lib\modules\network_enumeration\wifi_scanner.py", line 185, in scan_networks
    security = self._get_security(network)
               ^^^^^^^^^^^^^^^^^^^^^^^^^^^
  File "C:\Users\13096\wireless_pen_test_lib\wireless_pen_test_lib\modules\network_enumeration\wifi_scanner.py", line 117, in _get_security
    if auth == const.AUTH_OPEN:
               ^^^^^^^^^^^^^^^
AttributeError: module 'pywifi.const' has no attribute 'AUTH_OPEN'. Did you mean: 'AUTH_ALG_OPEN'?
[2024-11-26 20:20:04,375] INFO - CoreFramework - Stopping all operations...
[2024-11-26 20:20:04,375] INFO - CoreFramework - Stopping continuous packet sending.
[2024-11-26 20:20:04,375] INFO - CoreFramework - Stopping all deauthentication attacks.
[2024-11-26 20:20:04,375] INFO - CoreFramework - All deauthentication attacks stopped.
