[2024-11-23 18:20:19,540] INFO - CoreFramework - Initializing CoreFramework...
[2024-11-23 18:20:19,562] INFO - CoreFramework - Configuration loaded successfully.
[2024-11-23 18:20:19,576] INFO - CoreFramework - Loaded vulnerability database from core/vulnerabilities/vulnerabilities.json.
[2024-11-23 18:20:19,576] INFO - CoreFramework - Network and Data Storage Managers initialized successfully.
[2024-11-23 18:20:19,588] INFO - CoreFramework - Loading protocol modules from config/protocols...
[2024-11-23 18:20:19,589] ERROR - CoreFramework - Protocols directory not found at config/protocols.
[2024-11-23 18:20:19,589] ERROR - CoreFramework - Failed to load protocol modules: Protocols directory not found at config/protocols.
Traceback (most recent call last):
  File "C:\Users\13096\wireless_pen_test_lib\core\__init__.py", line 136, in __init__
    self.load_protocol_modules()
  File "C:\Users\13096\wireless_pen_test_lib\core\__init__.py", line 178, in load_protocol_modules
    raise FileNotFoundError(f"Protocols directory not found at {protocols_dir}.")
FileNotFoundError: Protocols directory not found at config/protocols.
[2024-11-23 20:01:07,747] INFO - CoreFramework - Initializing CoreFramework...
[2024-11-23 20:01:07,758] INFO - CoreFramework - Configuration loaded successfully.
[2024-11-23 20:01:07,761] INFO - CoreFramework - Loaded vulnerability database from core/vulnerabilities/vulnerabilities.json.
[2024-11-23 20:01:07,762] INFO - CoreFramework - Network and Data Storage Managers initialized successfully.
[2024-11-23 20:01:07,762] INFO - CoreFramework - Loading protocol modules from config/protocols...
[2024-11-23 20:01:07,762] ERROR - CoreFramework - Protocols directory not found at config/protocols.
[2024-11-23 20:01:07,762] ERROR - CoreFramework - Failed to load protocol modules: Protocols directory not found at config/protocols.
Traceback (most recent call last):
  File "C:\Users\13096\wireless_pen_test_lib\core\__init__.py", line 136, in __init__
    self.load_protocol_modules()
  File "C:\Users\13096\wireless_pen_test_lib\core\__init__.py", line 178, in load_protocol_modules
    raise FileNotFoundError(f"Protocols directory not found at {protocols_dir}.")
FileNotFoundError: Protocols directory not found at config/protocols.
